<?xml version="1.0" encoding="UTF-8"?>
<!-- Generated by org.testng.reporters.JUnitReportReporter -->
<testsuite hostname="DESKTOP-UON39KM" failures="0" tests="1" name="AlertTest" time="10.099" errors="0" timestamp="2023-10-04T08:06:48 MSK" skipped="0">
  <testcase classname="AlertTest" name="Test" time="10.099"/>
</testsuite> <!-- AlertTest -->
